2018-02-12 15:45:14.780  INFO 6928 --- [main] c.p.m.SpringbootStarterKitApplication    : Starting SpringbootStarterKitApplication on DIN19000568 with PID 6928 (C:\Users\nsharm15\Documents\workspace-sts-3.9.2.RELEASE\SpringbootStarterKit\target\classes started by nsharm15 in C:\Users\nsharm15\Documents\workspace-sts-3.9.2.RELEASE\SpringbootStarterKit)
2018-02-12 15:45:14.780  INFO 6928 --- [main] c.p.m.SpringbootStarterKitApplication    : No active profile set, falling back to default profiles: default
2018-02-12 15:45:14.820  INFO 6928 --- [main] ationConfigEmbeddedWebApplicationContext : Refreshing org.springframework.boot.context.embedded.AnnotationConfigEmbeddedWebApplicationContext@52a00: startup date [Mon Feb 12 15:45:14 IST 2018]; root of context hierarchy
2018-02-12 15:45:15.985  INFO 6928 --- [main] s.b.c.e.t.TomcatEmbeddedServletContainer : Tomcat initialized with port(s): 8080 (http)
2018-02-12 15:45:15.986  INFO 6928 --- [main] o.apache.catalina.core.StandardService   : Starting service [Tomcat]
2018-02-12 15:45:15.986  INFO 6928 --- [main] org.apache.catalina.core.StandardEngine  : Starting Servlet Engine: Apache Tomcat/8.5.27
2018-02-12 15:45:16.146  INFO 6928 --- [localhost-startStop-1] o.a.c.c.C.[Tomcat].[localhost].[/]       : Initializing Spring embedded WebApplicationContext
2018-02-12 15:45:16.146  INFO 6928 --- [localhost-startStop-1] o.s.web.context.ContextLoader            : Root WebApplicationContext: initialization completed in 1326 ms
2018-02-12 15:45:16.284  INFO 6928 --- [localhost-startStop-1] o.s.b.w.servlet.ServletRegistrationBean  : Mapping servlet: 'dispatcherServlet' to [/]
2018-02-12 15:45:16.294  INFO 6928 --- [localhost-startStop-1] o.s.b.w.servlet.FilterRegistrationBean   : Mapping filter: 'characterEncodingFilter' to: [/*]
2018-02-12 15:45:16.294  INFO 6928 --- [localhost-startStop-1] o.s.b.w.servlet.FilterRegistrationBean   : Mapping filter: 'hiddenHttpMethodFilter' to: [/*]
2018-02-12 15:45:16.294  INFO 6928 --- [localhost-startStop-1] o.s.b.w.servlet.FilterRegistrationBean   : Mapping filter: 'httpPutFormContentFilter' to: [/*]
2018-02-12 15:45:16.294  INFO 6928 --- [localhost-startStop-1] o.s.b.w.servlet.FilterRegistrationBean   : Mapping filter: 'requestContextFilter' to: [/*]
2018-02-12 15:45:16.614  INFO 6928 --- [main] s.w.s.m.m.a.RequestMappingHandlerMapping : Mapped "{[/]}" onto public java.lang.String com.projectName.moduleName.starterKit.controller.SampleController.hello()
2018-02-12 15:45:16.624  INFO 6928 --- [main] s.w.s.m.m.a.RequestMappingHandlerMapping : Mapped "{[/swagger-resources/configuration/security]}" onto public org.springframework.http.ResponseEntity<springfox.documentation.swagger.web.SecurityConfiguration> springfox.documentation.swagger.web.ApiResourceController.securityConfiguration()
2018-02-12 15:45:16.624  INFO 6928 --- [main] s.w.s.m.m.a.RequestMappingHandlerMapping : Mapped "{[/swagger-resources/configuration/ui]}" onto public org.springframework.http.ResponseEntity<springfox.documentation.swagger.web.UiConfiguration> springfox.documentation.swagger.web.ApiResourceController.uiConfiguration()
2018-02-12 15:45:16.624  INFO 6928 --- [main] s.w.s.m.m.a.RequestMappingHandlerMapping : Mapped "{[/swagger-resources]}" onto public org.springframework.http.ResponseEntity<java.util.List<springfox.documentation.swagger.web.SwaggerResource>> springfox.documentation.swagger.web.ApiResourceController.swaggerResources()
2018-02-12 15:45:16.624  INFO 6928 --- [main] s.w.s.m.m.a.RequestMappingHandlerMapping : Mapped "{[/error]}" onto public org.springframework.http.ResponseEntity<java.util.Map<java.lang.String, java.lang.Object>> org.springframework.boot.autoconfigure.web.BasicErrorController.error(javax.servlet.http.HttpServletRequest)
2018-02-12 15:45:16.624  INFO 6928 --- [main] s.w.s.m.m.a.RequestMappingHandlerMapping : Mapped "{[/error],produces=[text/html]}" onto public org.springframework.web.servlet.ModelAndView org.springframework.boot.autoconfigure.web.BasicErrorController.errorHtml(javax.servlet.http.HttpServletRequest,javax.servlet.http.HttpServletResponse)
2018-02-12 15:45:16.734  INFO 6928 --- [main] pertySourcedRequestMappingHandlerMapping : Mapped URL path [/v2/api-docs] onto method [public org.springframework.http.ResponseEntity<springfox.documentation.spring.web.json.Json> springfox.documentation.swagger2.web.Swagger2Controller.getDocumentation(java.lang.String,javax.servlet.http.HttpServletRequest)]
2018-02-12 15:45:16.914  INFO 6928 --- [main] s.w.s.m.m.a.RequestMappingHandlerAdapter : Looking for @ControllerAdvice: org.springframework.boot.context.embedded.AnnotationConfigEmbeddedWebApplicationContext@52a00: startup date [Mon Feb 12 15:45:14 IST 2018]; root of context hierarchy
2018-02-12 15:45:16.954  INFO 6928 --- [main] o.s.w.s.handler.SimpleUrlHandlerMapping  : Mapped URL path [/webjars/**] onto handler of type [class org.springframework.web.servlet.resource.ResourceHttpRequestHandler]
2018-02-12 15:45:16.954  INFO 6928 --- [main] o.s.w.s.handler.SimpleUrlHandlerMapping  : Mapped URL path [/**] onto handler of type [class org.springframework.web.servlet.resource.ResourceHttpRequestHandler]
2018-02-12 15:45:16.994  INFO 6928 --- [main] o.s.w.s.handler.SimpleUrlHandlerMapping  : Mapped URL path [/**/favicon.ico] onto handler of type [class org.springframework.web.servlet.resource.ResourceHttpRequestHandler]
2018-02-12 15:45:17.115  INFO 6928 --- [main] o.s.j.e.a.AnnotationMBeanExporter        : Registering beans for JMX exposure on startup
2018-02-12 15:45:17.115  INFO 6928 --- [main] o.s.c.support.DefaultLifecycleProcessor  : Starting beans in phase 2147483647
2018-02-12 15:45:17.125  INFO 6928 --- [main] d.s.w.p.DocumentationPluginsBootstrapper : Context refreshed
2018-02-12 15:45:17.135  INFO 6928 --- [main] d.s.w.p.DocumentationPluginsBootstrapper : Found 1 custom documentation plugin(s)
2018-02-12 15:45:17.175  INFO 6928 --- [main] s.d.s.w.s.ApiListingReferenceScanner     : Scanning for api listing references
2018-02-12 15:45:17.395  INFO 6928 --- [main] s.b.c.e.t.TomcatEmbeddedServletContainer : Tomcat started on port(s): 8080 (http)
2018-02-12 15:45:17.395  INFO 6928 --- [main] c.p.m.SpringbootStarterKitApplication    : Started SpringbootStarterKitApplication in 2.895 seconds (JVM running for 3.702)
2018-02-12 15:48:28.847  INFO 6928 --- [RMI TCP Connection(10)-127.0.0.1] inMXBeanRegistrar$SpringApplicationAdmin : Application shutdown requested.
2018-02-12 15:48:28.847  INFO 6928 --- [RMI TCP Connection(10)-127.0.0.1] ationConfigEmbeddedWebApplicationContext : Closing org.springframework.boot.context.embedded.AnnotationConfigEmbeddedWebApplicationContext@52a00: startup date [Mon Feb 12 15:45:14 IST 2018]; root of context hierarchy
2018-02-12 15:48:28.848  INFO 6928 --- [RMI TCP Connection(10)-127.0.0.1] o.s.c.support.DefaultLifecycleProcessor  : Stopping beans in phase 2147483647
2018-02-12 15:48:28.848  INFO 6928 --- [RMI TCP Connection(10)-127.0.0.1] o.s.j.e.a.AnnotationMBeanExporter        : Unregistering JMX-exposed beans on shutdown
